<?xml version="1.0" encoding="UTF-8"?>
<!-- Generated by org.testng.reporters.JUnitReportReporter -->
<testsuite hostname="Kavya" failures="0" tests="1" name="itsutra.MavenGITIntegration.MavenGitInt" time="21.429" errors="0" timestamp="2023-06-23T07:21:48 IST" skipped="0">
  <testcase classname="itsutra.MavenGITIntegration.MavenGitInt" name="Test1" time="21.429"/>
  <system-out/>
</testsuite> <!-- itsutra.MavenGITIntegration.MavenGitInt -->
