<?xml version="1.0" encoding="UTF-8"?>
<!-- Generated by org.testng.reporters.JUnitReportReporter -->
<testsuite hostname="Kavya" failures="0" tests="1" name="itsutra.MavenGITIntegration.NewTest" time="20.767" errors="0" timestamp="2023-06-23T07:29:37 IST" skipped="0">
  <testcase classname="itsutra.MavenGITIntegration.NewTest" name="myTest" time="20.767"/>
  <system-out/>
</testsuite> <!-- itsutra.MavenGITIntegration.NewTest -->
